{"/Users/doniv/Projects/mrkoa/.prettierrc.js":{"path":"/Users/doniv/Projects/mrkoa/.prettierrc.js","statementMap":{"0":{"start":{"line":1,"column":0},"end":{"line":4,"column":2}}},"fnMap":{},"branchMap":{},"s":{"0":0},"f":{},"b":{},"all":true},"/Users/doniv/Projects/mrkoa/db/config.js":{"path":"/Users/doniv/Projects/mrkoa/db/config.js","statementMap":{"0":{"start":{"line":2,"column":0},"end":{"line":2,"column":27}},"1":{"start":{"line":4,"column":0},"end":{"line":23,"column":2}}},"fnMap":{},"branchMap":{},"s":{"0":0,"1":0},"f":{},"b":{},"all":true},"/Users/doniv/Projects/mrkoa/db/migrations/20200501132638-create-user.js":{"path":"/Users/doniv/Projects/mrkoa/db/migrations/20200501132638-create-user.js","statementMap":{"0":{"start":{"line":1,"column":0},"end":{"line":41,"column":2}},"1":{"start":{"line":3,"column":24},"end":{"line":3,"column":68}},"2":{"start":{"line":5,"column":4},"end":{"line":38,"column":5}},"3":{"start":{"line":6,"column":6},"end":{"line":32,"column":9}},"4":{"start":{"line":34,"column":6},"end":{"line":34,"column":33}},"5":{"start":{"line":36,"column":6},"end":{"line":36,"column":35}},"6":{"start":{"line":37,"column":6},"end":{"line":37,"column":16}},"7":{"start":{"line":40,"column":39},"end":{"line":40,"column":72}}},"fnMap":{"0":{"name":"(anonymous_0)","decl":{"start":{"line":2,"column":6},"end":{"line":2,"column":7}},"loc":{"start":{"line":2,"column":43},"end":{"line":39,"column":3}},"line":2},"1":{"name":"(anonymous_1)","decl":{"start":{"line":40,"column":8},"end":{"line":40,"column":9}},"loc":{"start":{"line":40,"column":39},"end":{"line":40,"column":72}},"line":40}},"branchMap":{},"s":{"0":0,"1":0,"2":0,"3":0,"4":0,"5":0,"6":0,"7":0},"f":{"0":0,"1":0},"b":{},"all":true},"/Users/doniv/Projects/mrkoa/db/migrations/20200818172741-create-user-session.js":{"path":"/Users/doniv/Projects/mrkoa/db/migrations/20200818172741-create-user-session.js","statementMap":{"0":{"start":{"line":1,"column":0},"end":{"line":53,"column":2}},"1":{"start":{"line":3,"column":24},"end":{"line":3,"column":68}},"2":{"start":{"line":5,"column":4},"end":{"line":48,"column":5}},"3":{"start":{"line":6,"column":6},"end":{"line":39,"column":26}},"4":{"start":{"line":41,"column":6},"end":{"line":41,"column":83}},"5":{"start":{"line":42,"column":6},"end":{"line":42,"column":81}},"6":{"start":{"line":44,"column":6},"end":{"line":44,"column":33}},"7":{"start":{"line":46,"column":6},"end":{"line":46,"column":35}},"8":{"start":{"line":47,"column":6},"end":{"line":47,"column":16}},"9":{"start":{"line":51,"column":4},"end":{"line":51,"column":52}}},"fnMap":{"0":{"name":"(anonymous_0)","decl":{"start":{"line":2,"column":6},"end":{"line":2,"column":7}},"loc":{"start":{"line":2,"column":43},"end":{"line":49,"column":3}},"line":2},"1":{"name":"(anonymous_1)","decl":{"start":{"line":50,"column":8},"end":{"line":50,"column":9}},"loc":{"start":{"line":50,"column":45},"end":{"line":52,"column":3}},"line":50}},"branchMap":{},"s":{"0":0,"1":0,"2":0,"3":0,"4":0,"5":0,"6":0,"7":0,"8":0,"9":0},"f":{"0":0,"1":0},"b":{},"all":true},"/Users/doniv/Projects/mrkoa/eslint.config.mjs":{"path":"/Users/doniv/Projects/mrkoa/eslint.config.mjs","statementMap":{"0":{"start":{"line":12,"column":19},"end":{"line":12,"column":49}},"1":{"start":{"line":13,"column":18},"end":{"line":13,"column":42}},"2":{"start":{"line":14,"column":15},"end":{"line":18,"column":2}}},"fnMap":{},"branchMap":{},"s":{"0":0,"1":0,"2":0},"f":{},"b":{},"all":true},"/Users/doniv/Projects/mrkoa/index.js":{"path":"/Users/doniv/Projects/mrkoa/index.js","statementMap":{"0":{"start":{"line":1,"column":0},"end":{"line":1,"column":27}}},"fnMap":{},"branchMap":{},"s":{"0":0},"f":{},"b":{},"all":true},"/Users/doniv/Projects/mrkoa/src/index.ts":{"path":"/Users/doniv/Projects/mrkoa/src/index.ts","statementMap":{"0":{"start":{"line":12,"column":12},"end":{"line":12,"column":21}},"1":{"start":{"line":15,"column":0},"end":{"line":15,"column":34}},"2":{"start":{"line":18,"column":0},"end":{"line":20,"column":1}},"3":{"start":{"line":19,"column":2},"end":{"line":19,"column":20}},"4":{"start":{"line":22,"column":0},"end":{"line":22,"column":16}},"5":{"start":{"line":23,"column":0},"end":{"line":23,"column":16}},"6":{"start":{"line":24,"column":0},"end":{"line":24,"column":22}},"7":{"start":{"line":25,"column":0},"end":{"line":25,"column":11}},"8":{"start":{"line":28,"column":0},"end":{"line":28,"column":54}},"9":{"start":{"line":31,"column":0},"end":{"line":33,"column":1}},"10":{"start":{"line":32,"column":2},"end":{"line":32,"column":31}}},"fnMap":{},"branchMap":{"0":{"loc":{"start":{"line":18,"column":0},"end":{"line":20,"column":1}},"type":"if","locations":[{"start":{"line":18,"column":0},"end":{"line":20,"column":1}},{"start":{"line":18,"column":0},"end":{"line":20,"column":1}}],"line":18},"1":{"loc":{"start":{"line":31,"column":0},"end":{"line":33,"column":1}},"type":"if","locations":[{"start":{"line":31,"column":0},"end":{"line":33,"column":1}},{"start":{"line":31,"column":0},"end":{"line":33,"column":1}}],"line":31}},"s":{"0":0,"1":0,"2":0,"3":0,"4":0,"5":0,"6":0,"7":0,"8":0,"9":0,"10":0},"f":{},"b":{"0":[0,0],"1":[0,0]},"all":true},"/Users/doniv/Projects/mrkoa/src/locales/en.ts":{"path":"/Users/doniv/Projects/mrkoa/src/locales/en.ts","statementMap":{"0":{"start":{"line":4,"column":11},"end":{"line":7,"column":1}}},"fnMap":{},"branchMap":{},"s":{"0":0},"f":{},"b":{},"all":true},"/Users/doniv/Projects/mrkoa/src/locales/index.ts":{"path":"/Users/doniv/Projects/mrkoa/src/locales/index.ts","statementMap":{},"fnMap":{},"branchMap":{},"s":{},"f":{},"b":{},"all":true},"/Users/doniv/Projects/mrkoa/src/locales/usecases/auth/session/create.case.ts":{"path":"/Users/doniv/Projects/mrkoa/src/locales/usecases/auth/session/create.case.ts","statementMap":{"0":{"start":{"line":1,"column":30},"end":{"line":11,"column":1}}},"fnMap":{},"branchMap":{},"s":{"0":0},"f":{},"b":{},"all":true},"/Users/doniv/Projects/mrkoa/src/locales/usecases/index.ts":{"path":"/Users/doniv/Projects/mrkoa/src/locales/usecases/index.ts","statementMap":{"0":{"start":{"line":5,"column":17},"end":{"line":5,"column":79}}},"fnMap":{},"branchMap":{},"s":{"0":0},"f":{},"b":{},"all":true},"/Users/doniv/Projects/mrkoa/src/locales/usecases/panel/user/create.case.ts":{"path":"/Users/doniv/Projects/mrkoa/src/locales/usecases/panel/user/create.case.ts","statementMap":{"0":{"start":{"line":1,"column":28},"end":{"line":9,"column":1}}},"fnMap":{},"branchMap":{},"s":{"0":0},"f":{},"b":{},"all":true},"/Users/doniv/Projects/mrkoa/src/locales/usecases/user/signIn.case.ts":{"path":"/Users/doniv/Projects/mrkoa/src/locales/usecases/user/signIn.case.ts","statementMap":{"0":{"start":{"line":1,"column":23},"end":{"line":11,"column":1}}},"fnMap":{},"branchMap":{},"s":{"0":0},"f":{},"b":{},"all":true},"/Users/doniv/Projects/mrkoa/src/locales/utils/index.ts":{"path":"/Users/doniv/Projects/mrkoa/src/locales/utils/index.ts","statementMap":{"0":{"start":{"line":3,"column":14},"end":{"line":3,"column":34}}},"fnMap":{},"branchMap":{},"s":{"0":0},"f":{},"b":{},"all":true},"/Users/doniv/Projects/mrkoa/src/locales/utils/request.validator.ts":{"path":"/Users/doniv/Projects/mrkoa/src/locales/utils/request.validator.ts","statementMap":{"0":{"start":{"line":1,"column":25},"end":{"line":14,"column":1}}},"fnMap":{},"branchMap":{},"s":{"0":0},"f":{},"b":{},"all":true},"/Users/doniv/Projects/mrkoa/src/routers/api/index.router.ts":{"path":"/Users/doniv/Projects/mrkoa/src/routers/api/index.router.ts","statementMap":{"0":{"start":{"line":5,"column":15},"end":{"line":5,"column":27}},"1":{"start":{"line":7,"column":0},"end":{"line":9,"column":3}},"2":{"start":{"line":8,"column":2},"end":{"line":8,"column":58}},"3":{"start":{"line":12,"column":0},"end":{"line":12,"column":28}},"4":{"start":{"line":15,"column":25},"end":{"line":15,"column":40}}},"fnMap":{"0":{"name":"(anonymous_0)","decl":{"start":{"line":7,"column":16},"end":{"line":7,"column":17}},"loc":{"start":{"line":7,"column":31},"end":{"line":9,"column":1}},"line":7}},"branchMap":{},"s":{"0":0,"1":0,"2":0,"3":0,"4":0},"f":{"0":0},"b":{},"all":true},"/Users/doniv/Projects/mrkoa/src/routers/api/v1/index.router.ts":{"path":"/Users/doniv/Projects/mrkoa/src/routers/api/v1/index.router.ts","statementMap":{"0":{"start":{"line":11,"column":15},"end":{"line":11,"column":27}},"1":{"start":{"line":16,"column":0},"end":{"line":16,"column":50}},"2":{"start":{"line":19,"column":0},"end":{"line":19,"column":39}},"3":{"start":{"line":22,"column":0},"end":{"line":22,"column":55}},"4":{"start":{"line":25,"column":0},"end":{"line":25,"column":44}},"5":{"start":{"line":26,"column":0},"end":{"line":26,"column":46}},"6":{"start":{"line":29,"column":24},"end":{"line":29,"column":39}}},"fnMap":{},"branchMap":{},"s":{"0":0,"1":0,"2":0,"3":0,"4":0,"5":0,"6":0},"f":{},"b":{},"all":true},"/Users/doniv/Projects/mrkoa/src/routers/index.ts":{"path":"/Users/doniv/Projects/mrkoa/src/routers/index.ts","statementMap":{"0":{"start":{"line":6,"column":15},"end":{"line":6,"column":27}},"1":{"start":{"line":8,"column":0},"end":{"line":8,"column":36}},"2":{"start":{"line":11,"column":0},"end":{"line":11,"column":30}}},"fnMap":{},"branchMap":{},"s":{"0":0,"1":0,"2":0},"f":{},"b":{},"all":true}}